<?xml version="1.0" encoding="UTF-8"?>
<testng-results ignored="0" total="1" passed="1" failed="0" skipped="0">
  <reporter-output>
  </reporter-output>
  <suite started-at="2019-11-24T19:16:18 IST" name="Default suite" finished-at="2019-11-24T19:16:35 IST" duration-ms="17196">
    <groups>
    </groups>
    <test started-at="2019-11-24T19:16:18 IST" name="Default test" finished-at="2019-11-24T19:16:35 IST" duration-ms="17196">
      <class name="learning.loginfb">
        <test-method signature="loginapp()[pri:0, instance:learning.loginfb@ae13544]" started-at="2019-11-24T19:16:18 IST" name="loginapp" finished-at="2019-11-24T19:16:35 IST" duration-ms="17084" status="PASS">
          <reporter-output>
          </reporter-output>
        </test-method> <!-- loginapp -->
      </class> <!-- learning.loginfb -->
    </test> <!-- Default test -->
  </suite> <!-- Default suite -->
</testng-results>
